<?xml version="1.0" encoding="UTF-8"?>
<!-- Generated by org.testng.reporters.JUnitXMLReporter -->
<testsuite ignored="0" hostname="Sriram" failures="0" tests="4" name="Inventory" time="32.495" errors="0" timestamp="2026-04-14T15:35:27 IST">
  <testcase classname="tests.inventory.InventoryTests" name="addItemToCartTest" time="4.747"/>
  <testcase classname="tests.inventory.InventoryTests" name="removeItemFromCartTest" time="2.567"/>
  <testcase classname="tests.inventory.InventoryTests" name="sortLowToHighTest" time="2.79"/>
  <testcase classname="tests.inventory.InventoryTests" name="verifyInventoryPageLoaded" time="1.835"/>
</testsuite> <!-- Inventory -->
