<?xml version="1.0" encoding="UTF-8"?>
<!-- Generated by org.testng.reporters.JUnitXMLReporter -->
<testsuite ignored="0" hostname="Sriram" failures="0" tests="8" name="Login" time="58.194" errors="0" timestamp="2026-04-14T15:35:52 IST">
  <testcase classname="tests.login.LoginTests" name="invalidLoginTest" time="3.868"/>
  <testcase classname="tests.login.LoginTests" name="lockedUserTest" time="2.103"/>
  <testcase classname="tests.login.LoginTests" name="loginWithMultipleUsers" time="3.059"/>
  <testcase classname="tests.login.LoginTests" name="loginWithMultipleUsers" time="1.745"/>
  <testcase classname="tests.login.LoginTests" name="loginWithMultipleUsers" time="1.836"/>
  <testcase classname="tests.login.LoginTests" name="loginWithMultipleUsers" time="6.672"/>
  <testcase classname="tests.login.LoginTests" name="performanceUserTest" time="6.579"/>
  <testcase classname="tests.login.LoginTests" name="validLoginTest" time="1.536"/>
</testsuite> <!-- Login -->
