<?xml version="1.0" encoding="UTF-8"?>
<testsuite xmlns:xsi="http://www.w3.org/2001/XMLSchema-instance" xsi:noNamespaceSchemaLocation="https://maven.apache.org/surefire/maven-surefire-plugin/xsd/surefire-test-report-3.0.xsd" version="3.0" name="TestSuite" time="58.84" tests="12" errors="0" skipped="0" failures="0">
  <properties>
[...]
</properties>
  <testcase name="invalidLoginTest" classname="tests.login.LoginTests" time="3.924">
    <system-out><![CDATA[Error: epic sadface: username and password do not match any user in this service
]]></system-out>
    <system-err><![CDATA[[main] WARN org.testng.xml.TestNGContentHandler - It is strongly recommended to add "<!DOCTYPE suite SYSTEM "https://testng.org/testng-1.1.dtd" >" at the top of the suite file [C:\Users\srira\automation-workspace\saucedemo\testng.xml] otherwise TestNG may fail or not work as expected.
[TestNG-tests-1] INFO com.codeborne.selenide.impl.WebDriverThreadLocalContainer - No webdriver is bound to current thread: 22 - let's create a new webdriver
[TestNG-tests-2] INFO com.codeborne.selenide.impl.WebDriverThreadLocalContainer - No webdriver is bound to current thread: 23 - let's create a new webdriver
[TestNG-tests-2] INFO com.codeborne.selenide.impl.FileHelper - Creating folder: C:\Users\srira\automation-workspace\saucedemo\build\downloads\1776161094713_22608_23
[TestNG-tests-1] INFO com.codeborne.selenide.impl.FileHelper - Creating folder: C:\Users\srira\automation-workspace\saucedemo\build\downloads\1776161094713_22608_22
Apr 14, 2026 3:34:59 PM org.openqa.selenium.devtools.CdpVersionFinder findNearestMatch
WARNING: Unable to find CDP implementation matching 147
Apr 14, 2026 3:34:59 PM org.openqa.selenium.devtools.CdpVersionFinder findNearestMatch
WARNING: Unable to find CDP implementation matching 147
Apr 14, 2026 3:34:59 PM org.openqa.selenium.chromium.ChromiumDriver lambda$new$5
WARNING: Unable to find version of CDP to use for 147.0.7727.56. You may need to include a dependency on a specific version of the CDP using something similar to `org.seleniumhq.selenium:selenium-devtools-v86:4.18.1` where the version ("v86") matches the version of the chromium-based browser you're using and the version number of the artifact is the same as Selenium's.
Apr 14, 2026 3:34:59 PM org.openqa.selenium.chromium.ChromiumDriver lambda$new$5
WARNING: Unable to find version of CDP to use for 147.0.7727.56. You may need to include a dependency on a specific version of the CDP using something similar to `org.seleniumhq.selenium:selenium-devtools-v86:4.18.1` where the version ("v86") matches the version of the chromium-based browser you're using and the version number of the artifact is the same as Selenium's.
[TestNG-tests-1] INFO com.codeborne.selenide.webdriver.WebDriverFactory - BrowserName=chrome Version=147.0.7727.56 Platform=windows
[TestNG-tests-2] INFO com.codeborne.selenide.webdriver.WebDriverFactory - BrowserName=chrome Version=147.0.7727.56 Platform=windows
[TestNG-tests-1] INFO com.codeborne.selenide.webdriver.WebDriverFactory - Selenide v. 7.2.1
[TestNG-tests-2] INFO com.codeborne.selenide.webdriver.WebDriverFactory - Selenide v. 7.2.1
[TestNG-tests-2] INFO com.codeborne.selenide.webdriver.WebDriverFactory - Selenium WebDriver v. 4.18.1 build revision: b1d3319b48
[TestNG-tests-1] INFO com.codeborne.selenide.webdriver.WebDriverFactory - Selenium WebDriver v. 4.18.1 build revision: b1d3319b48
[TestNG-tests-2] INFO com.codeborne.selenide.drivercommands.CreateDriverCommand - Created webdriver in thread 23: ChromeDriver -> ChromeDriver: chrome on windows (6d5530df1a589b73326a3bfa49f29134), downloadsFolder: C:\Users\srira\automation-workspace\saucedemo\build\downloads\1776161094713_22608_23
[TestNG-tests-1] INFO com.codeborne.selenide.drivercommands.CreateDriverCommand - Created webdriver in thread 22: ChromeDriver -> ChromeDriver: chrome on windows (0df815e83b24e461b6e821d20a92c1f7), downloadsFolder: C:\Users\srira\automation-workspace\saucedemo\build\downloads\1776161094713_22608_22
[TestNG-tests-1] INFO com.codeborne.selenide.drivercommands.DisposablesRegistry - Register WebDriverInstance[config=StaticConfig, webDriver=ChromeDriver: chrome on windows (0df815e83b24e461b6e821d20a92c1f7), proxy=null, downloadsFolder=C:\Users\srira\automation-workspace\saucedemo\build\downloads\1776161094713_22608_22] in 22 [size=1]
[TestNG-tests-1] INFO com.codeborne.selenide.drivercommands.DisposablesRegistry - Add shutdown hook in 22 [size=1]
[TestNG-tests-2] INFO com.codeborne.selenide.drivercommands.DisposablesRegistry - Register WebDriverInstance[config=StaticConfig, webDriver=ChromeDriver: chrome on windows (6d5530df1a589b73326a3bfa49f29134), proxy=null, downloadsFolder=C:\Users\srira\automation-workspace\saucedemo\build\downloads\1776161094713_22608_23] in 23 [size=2]
]]></system-err>
  </testcase>
  <testcase name="lockedUserTest" classname="tests.login.LoginTests" time="0.98">
    <system-out><![CDATA[Error: epic sadface: sorry, this user has been locked out.
]]></system-out>
    <system-err><![CDATA[[TestNG-tests-2] INFO com.codeborne.selenide.impl.FileHelper - Deleted empty folder: C:\Users\srira\automation-workspace\saucedemo\build\downloads\1776161094713_22608_23
[TestNG-tests-2] INFO com.codeborne.selenide.drivercommands.CloseDriverCommand - Close webdriver: 23 -> ChromeDriver: chrome on windows (6d5530df1a589b73326a3bfa49f29134)...
[TestNG-tests-1] INFO com.codeborne.selenide.drivercommands.CloseDriverCommand - Closed webdriver 22 in 882 ms
[TestNG-tests-1] INFO com.codeborne.selenide.drivercommands.DisposablesRegistry - Unregister WebDriverInstance[config=StaticConfig, webDriver=ChromeDriver: chrome on windows (null), proxy=null, downloadsFolder=C:\Users\srira\automation-workspace\saucedemo\build\downloads\1776161094713_22608_22] in 22 [size=1]
[TestNG-tests-1] INFO com.codeborne.selenide.impl.WebDriverThreadLocalContainer - No webdriver is bound to current thread: 22 - let's create a new webdriver
[TestNG-tests-1] INFO com.codeborne.selenide.impl.FileHelper - Creating folder: C:\Users\srira\automation-workspace\saucedemo\build\downloads\1776161105564_22608_22
[TestNG-tests-2] INFO com.codeborne.selenide.drivercommands.CloseDriverCommand - Closed webdriver 23 in 1122 ms
[TestNG-tests-2] INFO com.codeborne.selenide.drivercommands.DisposablesRegistry - Unregister WebDriverInstance[config=StaticConfig, webDriver=ChromeDriver: chrome on windows (null), proxy=null, downloadsFolder=C:\Users\srira\automation-workspace\saucedemo\build\downloads\1776161094713_22608_23] in 23 [size=0]
[TestNG-tests-2] INFO com.codeborne.selenide.impl.WebDriverThreadLocalContainer - No webdriver is bound to current thread: 23 - let's create a new webdriver
[TestNG-tests-2] INFO com.codeborne.selenide.impl.FileHelper - Creating folder: C:\Users\srira\automation-workspace\saucedemo\build\downloads\1776161106603_22608_23
Apr 14, 2026 3:35:07 PM org.openqa.selenium.devtools.CdpVersionFinder findNearestMatch
WARNING: Unable to find CDP implementation matching 147
Apr 14, 2026 3:35:07 PM org.openqa.selenium.chromium.ChromiumDriver lambda$new$5
WARNING: Unable to find version of CDP to use for 147.0.7727.56. You may need to include a dependency on a specific version of the CDP using something similar to `org.seleniumhq.selenium:selenium-devtools-v86:4.18.1` where the version ("v86") matches the version of the chromium-based browser you're using and the version number of the artifact is the same as Selenium's.
[TestNG-tests-1] INFO com.codeborne.selenide.webdriver.WebDriverFactory - BrowserName=chrome Version=147.0.7727.56 Platform=windows
[TestNG-tests-1] INFO com.codeborne.selenide.webdriver.WebDriverFactory - Selenide v. 7.2.1
[TestNG-tests-1] INFO com.codeborne.selenide.webdriver.WebDriverFactory - Selenium WebDriver v. 4.18.1 build revision: b1d3319b48
[TestNG-tests-1] INFO com.codeborne.selenide.drivercommands.CreateDriverCommand - Created webdriver in thread 22: ChromeDriver -> ChromeDriver: chrome on windows (951ac19b22fb2a7e42d9399f2ba003a0), downloadsFolder: C:\Users\srira\automation-workspace\saucedemo\build\downloads\1776161105564_22608_22
[TestNG-tests-1] INFO com.codeborne.selenide.drivercommands.DisposablesRegistry - Register WebDriverInstance[config=StaticConfig, webDriver=ChromeDriver: chrome on windows (951ac19b22fb2a7e42d9399f2ba003a0), proxy=null, downloadsFolder=C:\Users\srira\automation-workspace\saucedemo\build\downloads\1776161105564_22608_22] in 22 [size=1]
Apr 14, 2026 3:35:08 PM org.openqa.selenium.devtools.CdpVersionFinder findNearestMatch
WARNING: Unable to find CDP implementation matching 147
Apr 14, 2026 3:35:08 PM org.openqa.selenium.chromium.ChromiumDriver lambda$new$5
WARNING: Unable to find version of CDP to use for 147.0.7727.56. You may need to include a dependency on a specific version of the CDP using something similar to `org.seleniumhq.selenium:selenium-devtools-v86:4.18.1` where the version ("v86") matches the version of the chromium-based browser you're using and the version number of the artifact is the same as Selenium's.
[TestNG-tests-2] INFO com.codeborne.selenide.webdriver.WebDriverFactory - BrowserName=chrome Version=147.0.7727.56 Platform=windows
[TestNG-tests-2] INFO com.codeborne.selenide.webdriver.WebDriverFactory - Selenide v. 7.2.1
[TestNG-tests-2] INFO com.codeborne.selenide.webdriver.WebDriverFactory - Selenium WebDriver v. 4.18.1 build revision: b1d3319b48
[TestNG-tests-2] INFO com.codeborne.selenide.drivercommands.CreateDriverCommand - Created webdriver in thread 23: ChromeDriver -> ChromeDriver: chrome on windows (785c0b4375794a73a73639164e0aecf9), downloadsFolder: C:\Users\srira\automation-workspace\saucedemo\build\downloads\1776161106603_22608_23
[TestNG-tests-2] INFO com.codeborne.selenide.drivercommands.DisposablesRegistry - Register WebDriverInstance[config=StaticConfig, webDriver=ChromeDriver: chrome on windows (785c0b4375794a73a73639164e0aecf9), proxy=null, downloadsFolder=C:\Users\srira\automation-workspace\saucedemo\build\downloads\1776161106603_22608_23] in 23 [size=2]
]]></system-err>
  </testcase>
  <testcase name="loginWithMultipleUsers[standard_user, secret_sauce](1)" classname="tests.login.LoginTests" time="3.064">
    <system-err><![CDATA[[TestNG-tests-2] INFO com.codeborne.selenide.impl.FileHelper - Deleted empty folder: C:\Users\srira\automation-workspace\saucedemo\build\downloads\1776161113492_22608_23
[TestNG-tests-2] INFO com.codeborne.selenide.drivercommands.CloseDriverCommand - Close webdriver: 23 -> ChromeDriver: chrome on windows (1766f0c4e1eb5fde907e527c33cae413)...
]]></system-err>
  </testcase>
  <testcase name="loginWithMultipleUsers[locked_out_user, secret_sauce](2)" classname="tests.login.LoginTests" time="1.758">
    <system-out><![CDATA[Error: epic sadface: sorry, this user has been locked out.
]]></system-out>
    <system-err><![CDATA[[TestNG-tests-2] INFO com.codeborne.selenide.impl.FileHelper - Deleted empty folder: C:\Users\srira\automation-workspace\saucedemo\build\downloads\1776161120686_22608_23
[TestNG-tests-2] INFO com.codeborne.selenide.drivercommands.CloseDriverCommand - Close webdriver: 23 -> ChromeDriver: chrome on windows (bf08561cd648159c1a74ea7e92c5e69c)...
]]></system-err>
  </testcase>
  <testcase name="loginWithMultipleUsers[invalid_user, wrong_pass](3)" classname="tests.login.LoginTests" time="1.842">
    <system-out><![CDATA[Running test with: invalid_user
Error: epic sadface: username and password do not match any user in this service
]]></system-out>
    <system-err><![CDATA[[TestNG-tests-1] INFO com.codeborne.selenide.impl.FileHelper - Deleted empty folder: C:\Users\srira\automation-workspace\saucedemo\build\downloads\1776161121584_22608_22
[TestNG-tests-1] INFO com.codeborne.selenide.drivercommands.CloseDriverCommand - Close webdriver: 22 -> ChromeDriver: chrome on windows (14c4641681664711b3de1b597b283ff6)...
[TestNG-tests-2] INFO com.codeborne.selenide.drivercommands.CloseDriverCommand - Closed webdriver 23 in 2380 ms
[TestNG-tests-2] INFO com.codeborne.selenide.drivercommands.DisposablesRegistry - Unregister WebDriverInstance[config=StaticConfig, webDriver=ChromeDriver: chrome on windows (null), proxy=null, downloadsFolder=C:\Users\srira\automation-workspace\saucedemo\build\downloads\1776161120686_22608_23] in 23 [size=1]
[TestNG-tests-1] INFO com.codeborne.selenide.drivercommands.CloseDriverCommand - Closed webdriver 22 in 1521 ms
[TestNG-tests-1] INFO com.codeborne.selenide.drivercommands.DisposablesRegistry - Unregister WebDriverInstance[config=StaticConfig, webDriver=ChromeDriver: chrome on windows (null), proxy=null, downloadsFolder=C:\Users\srira\automation-workspace\saucedemo\build\downloads\1776161121584_22608_22] in 22 [size=0]
[TestNG-tests-1] INFO com.codeborne.selenide.impl.WebDriverThreadLocalContainer - No webdriver is bound to current thread: 22 - let's create a new webdriver
[TestNG-tests-1] INFO com.codeborne.selenide.impl.FileHelper - Creating folder: C:\Users\srira\automation-workspace\saucedemo\build\downloads\1776161127177_22608_22
Apr 14, 2026 3:35:28 PM org.openqa.selenium.devtools.CdpVersionFinder findNearestMatch
WARNING: Unable to find CDP implementation matching 147
Apr 14, 2026 3:35:28 PM org.openqa.selenium.chromium.ChromiumDriver lambda$new$5
WARNING: Unable to find version of CDP to use for 147.0.7727.56. You may need to include a dependency on a specific version of the CDP using something similar to `org.seleniumhq.selenium:selenium-devtools-v86:4.18.1` where the version ("v86") matches the version of the chromium-based browser you're using and the version number of the artifact is the same as Selenium's.
[TestNG-tests-1] INFO com.codeborne.selenide.webdriver.WebDriverFactory - BrowserName=chrome Version=147.0.7727.56 Platform=windows
[TestNG-tests-1] INFO com.codeborne.selenide.webdriver.WebDriverFactory - Selenide v. 7.2.1
[TestNG-tests-1] INFO com.codeborne.selenide.webdriver.WebDriverFactory - Selenium WebDriver v. 4.18.1 build revision: b1d3319b48
[TestNG-tests-1] INFO com.codeborne.selenide.drivercommands.CreateDriverCommand - Created webdriver in thread 22: ChromeDriver -> ChromeDriver: chrome on windows (b0a643d89da6029ad4ac1737cd183527), downloadsFolder: C:\Users\srira\automation-workspace\saucedemo\build\downloads\1776161127177_22608_22
[TestNG-tests-1] INFO com.codeborne.selenide.drivercommands.DisposablesRegistry - Register WebDriverInstance[config=StaticConfig, webDriver=ChromeDriver: chrome on windows (b0a643d89da6029ad4ac1737cd183527), proxy=null, downloadsFolder=C:\Users\srira\automation-workspace\saucedemo\build\downloads\1776161127177_22608_22] in 22 [size=1]
]]></system-err>
  </testcase>
  <testcase name="loginWithMultipleUsers[performance_glitch_user, secret_sauce](4)" classname="tests.login.LoginTests" time="6.675">
    <system-out><![CDATA[Running test with: performance_glitch_user
]]></system-out>
    <system-err><![CDATA[[TestNG-tests-1] INFO com.codeborne.selenide.impl.FileHelper - Deleted empty folder: C:\Users\srira\automation-workspace\saucedemo\build\downloads\1776161127177_22608_22
[TestNG-tests-1] INFO com.codeborne.selenide.drivercommands.CloseDriverCommand - Close webdriver: 22 -> ChromeDriver: chrome on windows (b0a643d89da6029ad4ac1737cd183527)...
[TestNG-tests-1] INFO com.codeborne.selenide.drivercommands.CloseDriverCommand - Closed webdriver 22 in 509 ms
[TestNG-tests-1] INFO com.codeborne.selenide.drivercommands.DisposablesRegistry - Unregister WebDriverInstance[config=StaticConfig, webDriver=ChromeDriver: chrome on windows (null), proxy=null, downloadsFolder=C:\Users\srira\automation-workspace\saucedemo\build\downloads\1776161127177_22608_22] in 22 [size=0]
[TestNG-tests-1] INFO com.codeborne.selenide.impl.WebDriverThreadLocalContainer - No webdriver is bound to current thread: 22 - let's create a new webdriver
[TestNG-tests-1] INFO com.codeborne.selenide.impl.FileHelper - Creating folder: C:\Users\srira\automation-workspace\saucedemo\build\downloads\1776161131504_22608_22
Apr 14, 2026 3:35:32 PM org.openqa.selenium.devtools.CdpVersionFinder findNearestMatch
WARNING: Unable to find CDP implementation matching 147
Apr 14, 2026 3:35:32 PM org.openqa.selenium.chromium.ChromiumDriver lambda$new$5
WARNING: Unable to find version of CDP to use for 147.0.7727.56. You may need to include a dependency on a specific version of the CDP using something similar to `org.seleniumhq.selenium:selenium-devtools-v86:4.18.1` where the version ("v86") matches the version of the chromium-based browser you're using and the version number of the artifact is the same as Selenium's.
[TestNG-tests-1] INFO com.codeborne.selenide.webdriver.WebDriverFactory - BrowserName=chrome Version=147.0.7727.56 Platform=windows
[TestNG-tests-1] INFO com.codeborne.selenide.webdriver.WebDriverFactory - Selenide v. 7.2.1
[TestNG-tests-1] INFO com.codeborne.selenide.webdriver.WebDriverFactory - Selenium WebDriver v. 4.18.1 build revision: b1d3319b48
[TestNG-tests-1] INFO com.codeborne.selenide.drivercommands.CreateDriverCommand - Created webdriver in thread 22: ChromeDriver -> ChromeDriver: chrome on windows (8d90be03862a750a6e72ca7c37ad011b), downloadsFolder: C:\Users\srira\automation-workspace\saucedemo\build\downloads\1776161131504_22608_22
[TestNG-tests-1] INFO com.codeborne.selenide.drivercommands.DisposablesRegistry - Register WebDriverInstance[config=StaticConfig, webDriver=ChromeDriver: chrome on windows (8d90be03862a750a6e72ca7c37ad011b), proxy=null, downloadsFolder=C:\Users\srira\automation-workspace\saucedemo\build\downloads\1776161131504_22608_22] in 22 [size=1]
]]></system-err>
  </testcase>
  <testcase name="performanceUserTest" classname="tests.login.LoginTests" time="6.583">
    <system-err><![CDATA[[TestNG-tests-1] INFO com.codeborne.selenide.impl.FileHelper - Deleted empty folder: C:\Users\srira\automation-workspace\saucedemo\build\downloads\1776161131504_22608_22
[TestNG-tests-1] INFO com.codeborne.selenide.drivercommands.CloseDriverCommand - Close webdriver: 22 -> ChromeDriver: chrome on windows (8d90be03862a750a6e72ca7c37ad011b)...
[TestNG-tests-1] INFO com.codeborne.selenide.drivercommands.CloseDriverCommand - Closed webdriver 22 in 361 ms
[TestNG-tests-1] INFO com.codeborne.selenide.drivercommands.DisposablesRegistry - Unregister WebDriverInstance[config=StaticConfig, webDriver=ChromeDriver: chrome on windows (null), proxy=null, downloadsFolder=C:\Users\srira\automation-workspace\saucedemo\build\downloads\1776161131504_22608_22] in 22 [size=0]
[TestNG-tests-1] INFO com.codeborne.selenide.impl.WebDriverThreadLocalContainer - No webdriver is bound to current thread: 22 - let's create a new webdriver
[TestNG-tests-1] INFO com.codeborne.selenide.impl.FileHelper - Creating folder: C:\Users\srira\automation-workspace\saucedemo\build\downloads\1776161140427_22608_22
Apr 14, 2026 3:35:41 PM org.openqa.selenium.devtools.CdpVersionFinder findNearestMatch
WARNING: Unable to find CDP implementation matching 147
Apr 14, 2026 3:35:41 PM org.openqa.selenium.chromium.ChromiumDriver lambda$new$5
WARNING: Unable to find version of CDP to use for 147.0.7727.56. You may need to include a dependency on a specific version of the CDP using something similar to `org.seleniumhq.selenium:selenium-devtools-v86:4.18.1` where the version ("v86") matches the version of the chromium-based browser you're using and the version number of the artifact is the same as Selenium's.
[TestNG-tests-1] INFO com.codeborne.selenide.webdriver.WebDriverFactory - BrowserName=chrome Version=147.0.7727.56 Platform=windows
[TestNG-tests-1] INFO com.codeborne.selenide.webdriver.WebDriverFactory - Selenide v. 7.2.1
[TestNG-tests-1] INFO com.codeborne.selenide.webdriver.WebDriverFactory - Selenium WebDriver v. 4.18.1 build revision: b1d3319b48
[TestNG-tests-1] INFO com.codeborne.selenide.drivercommands.CreateDriverCommand - Created webdriver in thread 22: ChromeDriver -> ChromeDriver: chrome on windows (a36d2e988d1528137707ab2c18527be0), downloadsFolder: C:\Users\srira\automation-workspace\saucedemo\build\downloads\1776161140427_22608_22
[TestNG-tests-1] INFO com.codeborne.selenide.drivercommands.DisposablesRegistry - Register WebDriverInstance[config=StaticConfig, webDriver=ChromeDriver: chrome on windows (a36d2e988d1528137707ab2c18527be0), proxy=null, downloadsFolder=C:\Users\srira\automation-workspace\saucedemo\build\downloads\1776161140427_22608_22] in 22 [size=1]
]]></system-err>
  </testcase>
  <testcase name="validLoginTest" classname="tests.login.LoginTests" time="1.538">
    <system-err><![CDATA[[TestNG-tests-1] INFO com.codeborne.selenide.impl.FileHelper - Deleted empty folder: C:\Users\srira\automation-workspace\saucedemo\build\downloads\1776161140427_22608_22
[TestNG-tests-1] INFO com.codeborne.selenide.drivercommands.CloseDriverCommand - Close webdriver: 22 -> ChromeDriver: chrome on windows (a36d2e988d1528137707ab2c18527be0)...
[TestNG-tests-1] INFO com.codeborne.selenide.drivercommands.CloseDriverCommand - Closed webdriver 22 in 204 ms
[TestNG-tests-1] INFO com.codeborne.selenide.drivercommands.DisposablesRegistry - Unregister WebDriverInstance[config=StaticConfig, webDriver=ChromeDriver: chrome on windows (null), proxy=null, downloadsFolder=C:\Users\srira\automation-workspace\saucedemo\build\downloads\1776161140427_22608_22] in 22 [size=0]
[TestNG-tests-1] INFO com.codeborne.selenide.impl.WebDriverThreadLocalContainer - No webdriver is bound to current thread: 22 - let's create a new webdriver
[TestNG-tests-1] INFO com.codeborne.selenide.impl.FileHelper - Creating folder: C:\Users\srira\automation-workspace\saucedemo\build\downloads\1776161149048_22608_22
Apr 14, 2026 3:35:50 PM org.openqa.selenium.devtools.CdpVersionFinder findNearestMatch
WARNING: Unable to find CDP implementation matching 147
Apr 14, 2026 3:35:50 PM org.openqa.selenium.chromium.ChromiumDriver lambda$new$5
WARNING: Unable to find version of CDP to use for 147.0.7727.56. You may need to include a dependency on a specific version of the CDP using something similar to `org.seleniumhq.selenium:selenium-devtools-v86:4.18.1` where the version ("v86") matches the version of the chromium-based browser you're using and the version number of the artifact is the same as Selenium's.
[TestNG-tests-1] INFO com.codeborne.selenide.webdriver.WebDriverFactory - BrowserName=chrome Version=147.0.7727.56 Platform=windows
[TestNG-tests-1] INFO com.codeborne.selenide.webdriver.WebDriverFactory - Selenide v. 7.2.1
[TestNG-tests-1] INFO com.codeborne.selenide.webdriver.WebDriverFactory - Selenium WebDriver v. 4.18.1 build revision: b1d3319b48
[TestNG-tests-1] INFO com.codeborne.selenide.drivercommands.CreateDriverCommand - Created webdriver in thread 22: ChromeDriver -> ChromeDriver: chrome on windows (27bc67ac304af74d2b91d45ea61fc2f3), downloadsFolder: C:\Users\srira\automation-workspace\saucedemo\build\downloads\1776161149048_22608_22
[TestNG-tests-1] INFO com.codeborne.selenide.drivercommands.DisposablesRegistry - Register WebDriverInstance[config=StaticConfig, webDriver=ChromeDriver: chrome on windows (27bc67ac304af74d2b91d45ea61fc2f3), proxy=null, downloadsFolder=C:\Users\srira\automation-workspace\saucedemo\build\downloads\1776161149048_22608_22] in 22 [size=1]
]]></system-err>
  </testcase>
  <testcase name="addItemToCartTest" classname="tests.inventory.InventoryTests" time="4.748">
    <system-err><![CDATA[[TestNG-tests-1] INFO com.codeborne.selenide.impl.FileHelper - Deleted empty folder: C:\Users\srira\automation-workspace\saucedemo\build\downloads\1776161094713_22608_22
[TestNG-tests-1] INFO com.codeborne.selenide.drivercommands.CloseDriverCommand - Close webdriver: 22 -> ChromeDriver: chrome on windows (0df815e83b24e461b6e821d20a92c1f7)...
]]></system-err>
  </testcase>
  <testcase name="removeItemFromCartTest" classname="tests.inventory.InventoryTests" time="2.572">
    <system-err><![CDATA[[TestNG-tests-1] INFO com.codeborne.selenide.impl.FileHelper - Deleted empty folder: C:\Users\srira\automation-workspace\saucedemo\build\downloads\1776161105564_22608_22
[TestNG-tests-1] INFO com.codeborne.selenide.drivercommands.CloseDriverCommand - Close webdriver: 22 -> ChromeDriver: chrome on windows (951ac19b22fb2a7e42d9399f2ba003a0)...
]]></system-err>
  </testcase>
  <testcase name="sortLowToHighTest" classname="tests.inventory.InventoryTests" time="2.338">
    <system-out><![CDATA[Running test with: standard_user
]]></system-out>
    <system-err><![CDATA[[TestNG-tests-2] INFO com.codeborne.selenide.impl.FileHelper - Deleted empty folder: C:\Users\srira\automation-workspace\saucedemo\build\downloads\1776161106603_22608_23
[TestNG-tests-2] INFO com.codeborne.selenide.drivercommands.CloseDriverCommand - Close webdriver: 23 -> ChromeDriver: chrome on windows (785c0b4375794a73a73639164e0aecf9)...
[TestNG-tests-1] INFO com.codeborne.selenide.drivercommands.CloseDriverCommand - Closed webdriver 22 in 2924 ms
[TestNG-tests-1] INFO com.codeborne.selenide.drivercommands.DisposablesRegistry - Unregister WebDriverInstance[config=StaticConfig, webDriver=ChromeDriver: chrome on windows (null), proxy=null, downloadsFolder=C:\Users\srira\automation-workspace\saucedemo\build\downloads\1776161105564_22608_22] in 22 [size=1]
[TestNG-tests-1] INFO com.codeborne.selenide.impl.WebDriverThreadLocalContainer - No webdriver is bound to current thread: 22 - let's create a new webdriver
[TestNG-tests-1] INFO com.codeborne.selenide.impl.FileHelper - Creating folder: C:\Users\srira\automation-workspace\saucedemo\build\downloads\1776161113072_22608_22
[TestNG-tests-2] INFO com.codeborne.selenide.drivercommands.CloseDriverCommand - Closed webdriver 23 in 1757 ms
[TestNG-tests-2] INFO com.codeborne.selenide.drivercommands.DisposablesRegistry - Unregister WebDriverInstance[config=StaticConfig, webDriver=ChromeDriver: chrome on windows (null), proxy=null, downloadsFolder=C:\Users\srira\automation-workspace\saucedemo\build\downloads\1776161106603_22608_23] in 23 [size=0]
[TestNG-tests-2] INFO com.codeborne.selenide.impl.WebDriverThreadLocalContainer - No webdriver is bound to current thread: 23 - let's create a new webdriver
[TestNG-tests-2] INFO com.codeborne.selenide.impl.FileHelper - Creating folder: C:\Users\srira\automation-workspace\saucedemo\build\downloads\1776161113492_22608_23
Apr 14, 2026 3:35:14 PM org.openqa.selenium.devtools.CdpVersionFinder findNearestMatch
WARNING: Unable to find CDP implementation matching 147
Apr 14, 2026 3:35:14 PM org.openqa.selenium.chromium.ChromiumDriver lambda$new$5
WARNING: Unable to find version of CDP to use for 147.0.7727.56. You may need to include a dependency on a specific version of the CDP using something similar to `org.seleniumhq.selenium:selenium-devtools-v86:4.18.1` where the version ("v86") matches the version of the chromium-based browser you're using and the version number of the artifact is the same as Selenium's.
[TestNG-tests-1] INFO com.codeborne.selenide.webdriver.WebDriverFactory - BrowserName=chrome Version=147.0.7727.56 Platform=windows
[TestNG-tests-1] INFO com.codeborne.selenide.webdriver.WebDriverFactory - Selenide v. 7.2.1
[TestNG-tests-1] INFO com.codeborne.selenide.webdriver.WebDriverFactory - Selenium WebDriver v. 4.18.1 build revision: b1d3319b48
[TestNG-tests-1] INFO com.codeborne.selenide.drivercommands.CreateDriverCommand - Created webdriver in thread 22: ChromeDriver -> ChromeDriver: chrome on windows (bc230c144f36aa4e323e559739937b91), downloadsFolder: C:\Users\srira\automation-workspace\saucedemo\build\downloads\1776161113072_22608_22
[TestNG-tests-1] INFO com.codeborne.selenide.drivercommands.DisposablesRegistry - Register WebDriverInstance[config=StaticConfig, webDriver=ChromeDriver: chrome on windows (bc230c144f36aa4e323e559739937b91), proxy=null, downloadsFolder=C:\Users\srira\automation-workspace\saucedemo\build\downloads\1776161113072_22608_22] in 22 [size=1]
Apr 14, 2026 3:35:14 PM org.openqa.selenium.devtools.CdpVersionFinder findNearestMatch
WARNING: Unable to find CDP implementation matching 147
Apr 14, 2026 3:35:14 PM org.openqa.selenium.chromium.ChromiumDriver lambda$new$5
WARNING: Unable to find version of CDP to use for 147.0.7727.56. You may need to include a dependency on a specific version of the CDP using something similar to `org.seleniumhq.selenium:selenium-devtools-v86:4.18.1` where the version ("v86") matches the version of the chromium-based browser you're using and the version number of the artifact is the same as Selenium's.
[TestNG-tests-2] INFO com.codeborne.selenide.webdriver.WebDriverFactory - BrowserName=chrome Version=147.0.7727.56 Platform=windows
[TestNG-tests-2] INFO com.codeborne.selenide.webdriver.WebDriverFactory - Selenide v. 7.2.1
[TestNG-tests-2] INFO com.codeborne.selenide.webdriver.WebDriverFactory - Selenium WebDriver v. 4.18.1 build revision: b1d3319b48
[TestNG-tests-2] INFO com.codeborne.selenide.drivercommands.CreateDriverCommand - Created webdriver in thread 23: ChromeDriver -> ChromeDriver: chrome on windows (1766f0c4e1eb5fde907e527c33cae413), downloadsFolder: C:\Users\srira\automation-workspace\saucedemo\build\downloads\1776161113492_22608_23
[TestNG-tests-2] INFO com.codeborne.selenide.drivercommands.DisposablesRegistry - Register WebDriverInstance[config=StaticConfig, webDriver=ChromeDriver: chrome on windows (1766f0c4e1eb5fde907e527c33cae413), proxy=null, downloadsFolder=C:\Users\srira\automation-workspace\saucedemo\build\downloads\1776161113492_22608_23] in 23 [size=2]
]]></system-err>
  </testcase>
  <testcase name="verifyInventoryPageLoaded" classname="tests.inventory.InventoryTests" time="0.782">
    <system-out><![CDATA[Running test with: locked_out_user
]]></system-out>
    <system-err><![CDATA[[TestNG-tests-1] INFO com.codeborne.selenide.impl.FileHelper - Deleted empty folder: C:\Users\srira\automation-workspace\saucedemo\build\downloads\1776161113072_22608_22
[TestNG-tests-1] INFO com.codeborne.selenide.drivercommands.CloseDriverCommand - Close webdriver: 22 -> ChromeDriver: chrome on windows (bc230c144f36aa4e323e559739937b91)...
[TestNG-tests-2] INFO com.codeborne.selenide.drivercommands.CloseDriverCommand - Closed webdriver 23 in 2174 ms
[TestNG-tests-2] INFO com.codeborne.selenide.drivercommands.DisposablesRegistry - Unregister WebDriverInstance[config=StaticConfig, webDriver=ChromeDriver: chrome on windows (null), proxy=null, downloadsFolder=C:\Users\srira\automation-workspace\saucedemo\build\downloads\1776161113492_22608_23] in 23 [size=1]
[TestNG-tests-2] INFO com.codeborne.selenide.impl.WebDriverThreadLocalContainer - No webdriver is bound to current thread: 23 - let's create a new webdriver
[TestNG-tests-2] INFO com.codeborne.selenide.impl.FileHelper - Creating folder: C:\Users\srira\automation-workspace\saucedemo\build\downloads\1776161120686_22608_23
[TestNG-tests-1] INFO com.codeborne.selenide.drivercommands.CloseDriverCommand - Closed webdriver 22 in 2347 ms
[TestNG-tests-1] INFO com.codeborne.selenide.drivercommands.DisposablesRegistry - Unregister WebDriverInstance[config=StaticConfig, webDriver=ChromeDriver: chrome on windows (null), proxy=null, downloadsFolder=C:\Users\srira\automation-workspace\saucedemo\build\downloads\1776161113072_22608_22] in 22 [size=0]
[TestNG-tests-1] INFO com.codeborne.selenide.impl.WebDriverThreadLocalContainer - No webdriver is bound to current thread: 22 - let's create a new webdriver
[TestNG-tests-1] INFO com.codeborne.selenide.impl.FileHelper - Creating folder: C:\Users\srira\automation-workspace\saucedemo\build\downloads\1776161121584_22608_22
Apr 14, 2026 3:35:22 PM org.openqa.selenium.devtools.CdpVersionFinder findNearestMatch
WARNING: Unable to find CDP implementation matching 147
Apr 14, 2026 3:35:22 PM org.openqa.selenium.chromium.ChromiumDriver lambda$new$5
WARNING: Unable to find version of CDP to use for 147.0.7727.56. You may need to include a dependency on a specific version of the CDP using something similar to `org.seleniumhq.selenium:selenium-devtools-v86:4.18.1` where the version ("v86") matches the version of the chromium-based browser you're using and the version number of the artifact is the same as Selenium's.
[TestNG-tests-2] INFO com.codeborne.selenide.webdriver.WebDriverFactory - BrowserName=chrome Version=147.0.7727.56 Platform=windows
[TestNG-tests-2] INFO com.codeborne.selenide.webdriver.WebDriverFactory - Selenide v. 7.2.1
[TestNG-tests-2] INFO com.codeborne.selenide.webdriver.WebDriverFactory - Selenium WebDriver v. 4.18.1 build revision: b1d3319b48
[TestNG-tests-2] INFO com.codeborne.selenide.drivercommands.CreateDriverCommand - Created webdriver in thread 23: ChromeDriver -> ChromeDriver: chrome on windows (bf08561cd648159c1a74ea7e92c5e69c), downloadsFolder: C:\Users\srira\automation-workspace\saucedemo\build\downloads\1776161120686_22608_23
[TestNG-tests-2] INFO com.codeborne.selenide.drivercommands.DisposablesRegistry - Register WebDriverInstance[config=StaticConfig, webDriver=ChromeDriver: chrome on windows (bf08561cd648159c1a74ea7e92c5e69c), proxy=null, downloadsFolder=C:\Users\srira\automation-workspace\saucedemo\build\downloads\1776161120686_22608_23] in 23 [size=1]
Apr 14, 2026 3:35:23 PM org.openqa.selenium.devtools.CdpVersionFinder findNearestMatch
WARNING: Unable to find CDP implementation matching 147
Apr 14, 2026 3:35:23 PM org.openqa.selenium.chromium.ChromiumDriver lambda$new$5
WARNING: Unable to find version of CDP to use for 147.0.7727.56. You may need to include a dependency on a specific version of the CDP using something similar to `org.seleniumhq.selenium:selenium-devtools-v86:4.18.1` where the version ("v86") matches the version of the chromium-based browser you're using and the version number of the artifact is the same as Selenium's.
[TestNG-tests-1] INFO com.codeborne.selenide.webdriver.WebDriverFactory - BrowserName=chrome Version=147.0.7727.56 Platform=windows
[TestNG-tests-1] INFO com.codeborne.selenide.webdriver.WebDriverFactory - Selenide v. 7.2.1
[TestNG-tests-1] INFO com.codeborne.selenide.webdriver.WebDriverFactory - Selenium WebDriver v. 4.18.1 build revision: b1d3319b48
[TestNG-tests-1] INFO com.codeborne.selenide.drivercommands.CreateDriverCommand - Created webdriver in thread 22: ChromeDriver -> ChromeDriver: chrome on windows (14c4641681664711b3de1b597b283ff6), downloadsFolder: C:\Users\srira\automation-workspace\saucedemo\build\downloads\1776161121584_22608_22
[TestNG-tests-1] INFO com.codeborne.selenide.drivercommands.DisposablesRegistry - Register WebDriverInstance[config=StaticConfig, webDriver=ChromeDriver: chrome on windows (14c4641681664711b3de1b597b283ff6), proxy=null, downloadsFolder=C:\Users\srira\automation-workspace\saucedemo\build\downloads\1776161121584_22608_22] in 22 [size=2]
]]></system-err>
  </testcase>
</testsuite>