<?xml version="1.0" encoding="UTF-8"?>
<testng-results ignored="0" total="12" passed="12" failed="0" skipped="0">
  <reporter-output>
  </reporter-output>
  <suite started-at="2026-04-14T15:34:54 IST" name="SauceDemo Suite" finished-at="2026-04-14T15:35:52 IST" duration-ms="58194">
    <groups>
    </groups>
    <test started-at="2026-04-14T15:34:54 IST" name="Inventory" finished-at="2026-04-14T15:35:27 IST" duration-ms="32495">
      <class name="tests.inventory.InventoryTests">
        <test-method is-config="true" signature="setUp()[pri:0, instance:tests.inventory.InventoryTests@6e535154]" started-at="2026-04-14T15:34:54 IST" name="setUp" finished-at="2026-04-14T15:35:00 IST" duration-ms="5451" status="PASS">
          <reporter-output>
          </reporter-output>
        </test-method> <!-- setUp -->
        <test-method signature="addItemToCartTest()[pri:0, instance:tests.inventory.InventoryTests@6e535154]" started-at="2026-04-14T15:35:00 IST" name="addItemToCartTest" finished-at="2026-04-14T15:35:05 IST" duration-ms="4747" status="PASS">
          <reporter-output>
          </reporter-output>
        </test-method> <!-- addItemToCartTest -->
        <test-method is-config="true" signature="tearDown()[pri:0, instance:tests.inventory.InventoryTests@6e535154]" started-at="2026-04-14T15:35:05 IST" name="tearDown" finished-at="2026-04-14T15:35:06 IST" duration-ms="1132" status="PASS">
          <reporter-output>
          </reporter-output>
        </test-method> <!-- tearDown -->
        <test-method is-config="true" signature="setUp()[pri:0, instance:tests.inventory.InventoryTests@6e535154]" started-at="2026-04-14T15:35:06 IST" name="setUp" finished-at="2026-04-14T15:35:09 IST" duration-ms="2520" status="PASS">
          <reporter-output>
          </reporter-output>
        </test-method> <!-- setUp -->
        <test-method signature="removeItemFromCartTest()[pri:0, instance:tests.inventory.InventoryTests@6e535154]" started-at="2026-04-14T15:35:09 IST" name="removeItemFromCartTest" finished-at="2026-04-14T15:35:11 IST" duration-ms="2567" status="PASS">
          <reporter-output>
          </reporter-output>
        </test-method> <!-- removeItemFromCartTest -->
        <test-method is-config="true" signature="tearDown()[pri:0, instance:tests.inventory.InventoryTests@6e535154]" started-at="2026-04-14T15:35:11 IST" name="tearDown" finished-at="2026-04-14T15:35:13 IST" duration-ms="1771" status="PASS">
          <reporter-output>
          </reporter-output>
        </test-method> <!-- tearDown -->
        <test-method is-config="true" signature="setUp()[pri:0, instance:tests.inventory.InventoryTests@6e535154]" started-at="2026-04-14T15:35:13 IST" name="setUp" finished-at="2026-04-14T15:35:15 IST" duration-ms="2202" status="PASS">
          <reporter-output>
          </reporter-output>
        </test-method> <!-- setUp -->
        <test-method signature="sortLowToHighTest()[pri:0, instance:tests.inventory.InventoryTests@6e535154]" started-at="2026-04-14T15:35:15 IST" name="sortLowToHighTest" finished-at="2026-04-14T15:35:18 IST" duration-ms="2790" status="PASS">
          <reporter-output>
          </reporter-output>
        </test-method> <!-- sortLowToHighTest -->
        <test-method is-config="true" signature="tearDown()[pri:0, instance:tests.inventory.InventoryTests@6e535154]" started-at="2026-04-14T15:35:18 IST" name="tearDown" finished-at="2026-04-14T15:35:20 IST" duration-ms="2182" status="PASS">
          <reporter-output>
          </reporter-output>
        </test-method> <!-- tearDown -->
        <test-method is-config="true" signature="setUp()[pri:0, instance:tests.inventory.InventoryTests@6e535154]" started-at="2026-04-14T15:35:20 IST" name="setUp" finished-at="2026-04-14T15:35:22 IST" duration-ms="2105" status="PASS">
          <reporter-output>
          </reporter-output>
        </test-method> <!-- setUp -->
        <test-method signature="verifyInventoryPageLoaded()[pri:0, instance:tests.inventory.InventoryTests@6e535154]" started-at="2026-04-14T15:35:22 IST" name="verifyInventoryPageLoaded" finished-at="2026-04-14T15:35:24 IST" duration-ms="1835" status="PASS">
          <reporter-output>
          </reporter-output>
        </test-method> <!-- verifyInventoryPageLoaded -->
        <test-method is-config="true" signature="tearDown()[pri:0, instance:tests.inventory.InventoryTests@6e535154]" started-at="2026-04-14T15:35:24 IST" name="tearDown" finished-at="2026-04-14T15:35:27 IST" duration-ms="2396" status="PASS">
          <reporter-output>
          </reporter-output>
        </test-method> <!-- tearDown -->
      </class> <!-- tests.inventory.InventoryTests -->
    </test> <!-- Inventory -->
    <test started-at="2026-04-14T15:34:54 IST" name="Login" finished-at="2026-04-14T15:35:52 IST" duration-ms="58194">
      <class name="tests.login.LoginTests">
        <test-method is-config="true" signature="setUp()[pri:0, instance:tests.login.LoginTests@196a42c3]" started-at="2026-04-14T15:34:54 IST" name="setUp" finished-at="2026-04-14T15:35:00 IST" duration-ms="5420" status="PASS">
          <reporter-output>
          </reporter-output>
        </test-method> <!-- setUp -->
        <test-method signature="invalidLoginTest()[pri:0, instance:tests.login.LoginTests@196a42c3]" started-at="2026-04-14T15:35:00 IST" name="invalidLoginTest" finished-at="2026-04-14T15:35:04 IST" duration-ms="3868" status="PASS">
          <reporter-output>
          </reporter-output>
        </test-method> <!-- invalidLoginTest -->
        <test-method is-config="true" signature="tearDown()[pri:0, instance:tests.login.LoginTests@196a42c3]" started-at="2026-04-14T15:35:04 IST" name="tearDown" finished-at="2026-04-14T15:35:05 IST" duration-ms="906" status="PASS">
          <reporter-output>
          </reporter-output>
        </test-method> <!-- tearDown -->
        <test-method is-config="true" signature="setUp()[pri:0, instance:tests.login.LoginTests@196a42c3]" started-at="2026-04-14T15:35:05 IST" name="setUp" finished-at="2026-04-14T15:35:07 IST" duration-ms="2428" status="PASS">
          <reporter-output>
          </reporter-output>
        </test-method> <!-- setUp -->
        <test-method signature="lockedUserTest()[pri:0, instance:tests.login.LoginTests@196a42c3]" started-at="2026-04-14T15:35:08 IST" name="lockedUserTest" finished-at="2026-04-14T15:35:10 IST" duration-ms="2103" status="PASS">
          <reporter-output>
          </reporter-output>
        </test-method> <!-- lockedUserTest -->
        <test-method is-config="true" signature="tearDown()[pri:0, instance:tests.login.LoginTests@196a42c3]" started-at="2026-04-14T15:35:10 IST" name="tearDown" finished-at="2026-04-14T15:35:13 IST" duration-ms="2931" status="PASS">
          <reporter-output>
          </reporter-output>
        </test-method> <!-- tearDown -->
        <test-method is-config="true" signature="setUp()[pri:0, instance:tests.login.LoginTests@196a42c3]" started-at="2026-04-14T15:35:13 IST" name="setUp" finished-at="2026-04-14T15:35:16 IST" duration-ms="3059" status="PASS">
          <reporter-output>
          </reporter-output>
        </test-method> <!-- setUp -->
        <test-method signature="loginWithMultipleUsers(java.lang.String,java.lang.String)[pri:0, instance:tests.login.LoginTests@196a42c3]" started-at="2026-04-14T15:35:16 IST" name="loginWithMultipleUsers" data-provider="loginData" finished-at="2026-04-14T15:35:19 IST" duration-ms="3059" status="PASS">
          <params>
            <param index="0">
              <value>
                <![CDATA[standard_user]]>
              </value>
            </param>
            <param index="1">
              <value>
                <![CDATA[secret_sauce]]>
              </value>
            </param>
          </params>
          <reporter-output>
          </reporter-output>
        </test-method> <!-- loginWithMultipleUsers -->
        <test-method is-config="true" signature="tearDown()[pri:0, instance:tests.login.LoginTests@196a42c3]" started-at="2026-04-14T15:35:19 IST" name="tearDown" finished-at="2026-04-14T15:35:21 IST" duration-ms="2352" status="PASS">
          <reporter-output>
          </reporter-output>
        </test-method> <!-- tearDown -->
        <test-method is-config="true" signature="setUp()[pri:0, instance:tests.login.LoginTests@196a42c3]" started-at="2026-04-14T15:35:21 IST" name="setUp" finished-at="2026-04-14T15:35:23 IST" duration-ms="2300" status="PASS">
          <reporter-output>
          </reporter-output>
        </test-method> <!-- setUp -->
        <test-method signature="loginWithMultipleUsers(java.lang.String,java.lang.String)[pri:0, instance:tests.login.LoginTests@196a42c3]" started-at="2026-04-14T15:35:23 IST" name="loginWithMultipleUsers" data-provider="loginData" finished-at="2026-04-14T15:35:25 IST" duration-ms="1745" status="PASS">
          <params>
            <param index="0">
              <value>
                <![CDATA[locked_out_user]]>
              </value>
            </param>
            <param index="1">
              <value>
                <![CDATA[secret_sauce]]>
              </value>
            </param>
          </params>
          <reporter-output>
          </reporter-output>
        </test-method> <!-- loginWithMultipleUsers -->
        <test-method is-config="true" signature="tearDown()[pri:0, instance:tests.login.LoginTests@196a42c3]" started-at="2026-04-14T15:35:25 IST" name="tearDown" finished-at="2026-04-14T15:35:27 IST" duration-ms="1528" status="PASS">
          <reporter-output>
          </reporter-output>
        </test-method> <!-- tearDown -->
        <test-method is-config="true" signature="setUp()[pri:0, instance:tests.login.LoginTests@196a42c3]" started-at="2026-04-14T15:35:27 IST" name="setUp" finished-at="2026-04-14T15:35:29 IST" duration-ms="1953" status="PASS">
          <reporter-output>
          </reporter-output>
        </test-method> <!-- setUp -->
        <test-method signature="loginWithMultipleUsers(java.lang.String,java.lang.String)[pri:0, instance:tests.login.LoginTests@196a42c3]" started-at="2026-04-14T15:35:29 IST" name="loginWithMultipleUsers" data-provider="loginData" finished-at="2026-04-14T15:35:30 IST" duration-ms="1836" status="PASS">
          <params>
            <param index="0">
              <value>
                <![CDATA[invalid_user]]>
              </value>
            </param>
            <param index="1">
              <value>
                <![CDATA[wrong_pass]]>
              </value>
            </param>
          </params>
          <reporter-output>
          </reporter-output>
        </test-method> <!-- loginWithMultipleUsers -->
        <test-method is-config="true" signature="tearDown()[pri:0, instance:tests.login.LoginTests@196a42c3]" started-at="2026-04-14T15:35:30 IST" name="tearDown" finished-at="2026-04-14T15:35:31 IST" duration-ms="517" status="PASS">
          <reporter-output>
          </reporter-output>
        </test-method> <!-- tearDown -->
        <test-method is-config="true" signature="setUp()[pri:0, instance:tests.login.LoginTests@196a42c3]" started-at="2026-04-14T15:35:31 IST" name="setUp" finished-at="2026-04-14T15:35:33 IST" duration-ms="1870" status="PASS">
          <reporter-output>
          </reporter-output>
        </test-method> <!-- setUp -->
        <test-method signature="loginWithMultipleUsers(java.lang.String,java.lang.String)[pri:0, instance:tests.login.LoginTests@196a42c3]" started-at="2026-04-14T15:35:33 IST" name="loginWithMultipleUsers" data-provider="loginData" finished-at="2026-04-14T15:35:40 IST" duration-ms="6672" status="PASS">
          <params>
            <param index="0">
              <value>
                <![CDATA[performance_glitch_user]]>
              </value>
            </param>
            <param index="1">
              <value>
                <![CDATA[secret_sauce]]>
              </value>
            </param>
          </params>
          <reporter-output>
          </reporter-output>
        </test-method> <!-- loginWithMultipleUsers -->
        <test-method is-config="true" signature="tearDown()[pri:0, instance:tests.login.LoginTests@196a42c3]" started-at="2026-04-14T15:35:40 IST" name="tearDown" finished-at="2026-04-14T15:35:40 IST" duration-ms="364" status="PASS">
          <reporter-output>
          </reporter-output>
        </test-method> <!-- tearDown -->
        <test-method is-config="true" signature="setUp()[pri:0, instance:tests.login.LoginTests@196a42c3]" started-at="2026-04-14T15:35:40 IST" name="setUp" finished-at="2026-04-14T15:35:42 IST" duration-ms="1823" status="PASS">
          <reporter-output>
          </reporter-output>
        </test-method> <!-- setUp -->
        <test-method signature="performanceUserTest()[pri:0, instance:tests.login.LoginTests@196a42c3]" started-at="2026-04-14T15:35:42 IST" name="performanceUserTest" finished-at="2026-04-14T15:35:48 IST" duration-ms="6579" status="PASS">
          <reporter-output>
          </reporter-output>
        </test-method> <!-- performanceUserTest -->
        <test-method is-config="true" signature="tearDown()[pri:0, instance:tests.login.LoginTests@196a42c3]" started-at="2026-04-14T15:35:48 IST" name="tearDown" finished-at="2026-04-14T15:35:49 IST" duration-ms="207" status="PASS">
          <reporter-output>
          </reporter-output>
        </test-method> <!-- tearDown -->
        <test-method is-config="true" signature="setUp()[pri:0, instance:tests.login.LoginTests@196a42c3]" started-at="2026-04-14T15:35:49 IST" name="setUp" finished-at="2026-04-14T15:35:50 IST" duration-ms="1925" status="PASS">
          <reporter-output>
          </reporter-output>
        </test-method> <!-- setUp -->
        <test-method signature="validLoginTest()[pri:0, instance:tests.login.LoginTests@196a42c3]" started-at="2026-04-14T15:35:50 IST" name="validLoginTest" finished-at="2026-04-14T15:35:52 IST" duration-ms="1536" status="PASS">
          <reporter-output>
          </reporter-output>
        </test-method> <!-- validLoginTest -->
        <test-method is-config="true" signature="tearDown()[pri:0, instance:tests.login.LoginTests@196a42c3]" started-at="2026-04-14T15:35:52 IST" name="tearDown" finished-at="2026-04-14T15:35:52 IST" duration-ms="245" status="PASS">
          <reporter-output>
          </reporter-output>
        </test-method> <!-- tearDown -->
      </class> <!-- tests.login.LoginTests -->
    </test> <!-- Login -->
  </suite> <!-- SauceDemo Suite -->
</testng-results>
