<?xml version="1.0" encoding="UTF-8"?>
<!-- Generated by org.testng.reporters.JUnitReportReporter -->
<testsuite hostname="Sriram" failures="0" tests="4" name="tests.inventory.InventoryTests" time="31.698" errors="0" timestamp="2026-04-14T15:35:52 IST" skipped="0">
  <testcase classname="tests.inventory.InventoryTests" name="verifyInventoryPageLoaded" time="5.169"/>
  <testcase classname="tests.inventory.InventoryTests" name="sortLowToHighTest" time="6.666"/>
  <testcase classname="tests.inventory.InventoryTests" name="addItemToCartTest" time="12.380"/>
  <testcase classname="tests.inventory.InventoryTests" name="removeItemFromCartTest" time="7.483"/>
</testsuite> <!-- tests.inventory.InventoryTests -->
