<?xml version="1.0" encoding="UTF-8"?>
<!-- Generated by org.testng.reporters.JUnitReportReporter -->
<testsuite hostname="Sriram" failures="0" tests="8" name="tests.login.LoginTests" time="57.226" errors="0" timestamp="2026-04-14T15:35:52 IST" skipped="0">
  <testcase classname="tests.login.LoginTests" name="performanceUserTest" time="8.694"/>
  <testcase classname="tests.login.LoginTests" name="validLoginTest" time="5.501"/>
  <testcase classname="tests.login.LoginTests" name="loginWithMultipleUsers" time="8.859"/>
  <testcase classname="tests.login.LoginTests" name="loginWithMultipleUsers" time="10.096"/>
  <testcase classname="tests.login.LoginTests" name="invalidLoginTest" time="6.028"/>
  <testcase classname="tests.login.LoginTests" name="lockedUserTest" time="5.556"/>
  <testcase classname="tests.login.LoginTests" name="loginWithMultipleUsers" time="4.781"/>
  <testcase classname="tests.login.LoginTests" name="loginWithMultipleUsers" time="7.711"/>
</testsuite> <!-- tests.login.LoginTests -->
